<?xml version="1.0" encoding="UTF-8"?>
<!-- Generated by org.testng.reporters.JUnitXMLReporter -->
<testsuite hostname="PC-261" ignored="4" name="Default test" tests="2" failures="0" timestamp="02 Feb 2018 12:00:25 GMT" time="53.898" errors="0">
  <testcase name="testLogin" time="7.026" classname="testScripts.login.TestLogin1Test"/>
  <testcase name="updateprofile" time="11.432" classname="testScripts.login.UpdateProfile1Test"/>
  <testcase name="@AfterSuite afterSuite" time="0.0" classname="testbase.TestBase">
    <ignored/>
  </testcase> <!-- @AfterSuite afterSuite -->
  <testcase name="@AfterTest AfterTest1" time="0.0" classname="testbase.TestBase">
    <ignored/>
  </testcase> <!-- @AfterTest AfterTest1 -->
  <testcase name="@BeforeSuite beforeSuite" time="0.0" classname="testbase.TestBase">
    <ignored/>
  </testcase> <!-- @BeforeSuite beforeSuite -->
  <testcase name="@BeforeTest beforeTest" time="0.0" classname="testbase.TestBase">
    <ignored/>
  </testcase> <!-- @BeforeTest beforeTest -->
</testsuite> <!-- Default test -->
