<?xml version="1.0" encoding="UTF-8"?>
<!-- Generated by org.testng.reporters.JUnitXMLReporter -->
<testsuite hostname="PC-261" ignored="0" name="Test" tests="2" failures="0" timestamp="10 Nov 2017 05:40:51 GMT" time="0.084" errors="0">
  <testcase name="@BeforeClass setUp" time="0.0" classname="testScripts.login.UpdateProfile1">
    <failure type="java.io.FileNotFoundException" message="C:\Users\anupam.chauhan\workspace\118online1\src\config.properties (The system cannot find the file specified)">
      <![CDATA[java.io.FileNotFoundException: C:\Users\anupam.chauhan\workspace\118online1\src\config.properties (The system cannot find the file specified)
	at java.io.FileInputStream.open0(Native Method)
	at java.io.FileInputStream.open(FileInputStream.java:195)
	at java.io.FileInputStream.<init>(FileInputStream.java:138)
	at testbase.TestBase.loadPropertiesFile(TestBase.java:38)
	at testbase.TestBase.init(TestBase.java:29)
	at testScripts.login.UpdateProfile1.setUp(UpdateProfile1.java:19)
... Removed 25 stack frames]]>
    </failure>
  </testcase> <!-- @BeforeClass setUp -->
  <testcase name="@AfterClass testDown" time="0.0" classname="testScripts.login.UpdateProfile1">
    <skipped/>
  </testcase> <!-- @AfterClass testDown -->
  <testcase name="@BeforeMethod setUp" time="0.0" classname="testScripts.login.TestLogin1">
    <failure type="java.io.FileNotFoundException" message="C:\Users\anupam.chauhan\workspace\118online1\src\config.properties (The system cannot find the file specified)">
      <![CDATA[java.io.FileNotFoundException: C:\Users\anupam.chauhan\workspace\118online1\src\config.properties (The system cannot find the file specified)
	at java.io.FileInputStream.open0(Native Method)
	at java.io.FileInputStream.open(FileInputStream.java:195)
	at java.io.FileInputStream.<init>(FileInputStream.java:138)
	at testbase.TestBase.loadPropertiesFile(TestBase.java:38)
	at testbase.TestBase.init(TestBase.java:29)
	at testScripts.login.TestLogin1.setUp(TestLogin1.java:26)
... Removed 27 stack frames]]>
    </failure>
  </testcase> <!-- @BeforeMethod setUp -->
  <testcase name="updateprofile" time="0.0" classname="testScripts.login.UpdateProfile1">
    <skipped/>
  </testcase> <!-- updateprofile -->
  <testcase name="testLogin" time="0.0" classname="testScripts.login.TestLogin1">
    <skipped/>
  </testcase> <!-- testLogin -->
</testsuite> <!-- Test -->
