<?xml version="1.0" encoding="UTF-8" ?>
<testsuite tests="4" failures="2" name="TestSuite" time="20.375" errors="0" skipped="0">
  <properties>
[...]
</properties>
  <testcase classname="testScripts.login.Log4JTest" name="test1" time="0.215">
    <failure message="The driver executable does not exist: C:\Users\anupam.chauhan\workspace\118-online-master\src\BrowserDrivers\chromedriver.exe" type="java.lang.IllegalStateException">java.lang.IllegalStateException: The driver executable does not exist: C:\Users\anupam.chauhan\workspace\118-online-master\src\BrowserDrivers\chromedriver.exe
	at com.google.common.base.Preconditions.checkState(Preconditions.java:534)
	at org.openqa.selenium.remote.service.DriverService.checkExecutable(DriverService.java:136)
	at org.openqa.selenium.remote.service.DriverService.findExecutable(DriverService.java:131)
	at org.openqa.selenium.chrome.ChromeDriverService.access$000(ChromeDriverService.java:32)
	at org.openqa.selenium.chrome.ChromeDriverService$Builder.findDefaultExecutable(ChromeDriverService.java:137)
	at org.openqa.selenium.remote.service.DriverService$Builder.build(DriverService.java:329)
	at org.openqa.selenium.chrome.ChromeDriverService.createDefaultService(ChromeDriverService.java:88)
	at org.openqa.selenium.chrome.ChromeDriver.&lt;init&gt;(ChromeDriver.java:124)
	at testScripts.login.Log4JTest.test1(Log4JTest.java:25)
</failure>
    <system-out>Configuring TestNG with: org.apache.maven.surefire.testng.conf.TestNG652Configurator@2e5c649
 in Before Test 
</system-out>
  </testcase>
  <testcase classname="testScripts.login.Log4JTest" name="test2" time="0.004">
    <failure type="java.lang.NullPointerException">java.lang.NullPointerException
	at testScripts.login.Log4JTest.test2(Log4JTest.java:40)
</failure>
  </testcase>
  <testcase classname="testScripts.login.TestLogin1Test" name="testLogin" time="7.562"/>
  <testcase classname="testScripts.login.UpdateProfile1Test" name="updateprofile" time="12.594"/>
</testsuite>