<?xml version="1.0" encoding="UTF-8"?>
<testng-results skipped="0" failed="2" ignored="4" total="8" passed="2">
  <reporter-output>
    <line>
      <![CDATA[waiting for page to load...]]>
    </line>
    <line>
      <![CDATA[Page is loaded]]>
    </line>
    <line>
      <![CDATA[entering userName to the userName textbox]]>
    </line>
    <line>
      <![CDATA[entering password to the password textbox]]>
    </line>
    <line>
      <![CDATA[clicking on login button]]>
    </line>
    <line>
      <![CDATA[waiting for page to load...]]>
    </line>
    <line>
      <![CDATA[Page is loaded]]>
    </line>
    <line>
      <![CDATA[entering userName to the userName textbox]]>
    </line>
    <line>
      <![CDATA[entering password to the password textbox]]>
    </line>
    <line>
      <![CDATA[clicking on login button]]>
    </line>
    <line>
      <![CDATA[entering First name to the FirstName textbox]]>
    </line>
    <line>
      <![CDATA[Update LastName to the Lastname textbox]]>
    </line>
    <line>
      <![CDATA[Update postCode to the Postcode textbox]]>
    </line>
    <line>
      <![CDATA[Update postCode to the Postcode textbox]]>
    </line>
  </reporter-output>
  <suite name="Command line suite" duration-ms="64143" started-at="2018-02-02T10:47:53Z" finished-at="2018-02-02T10:48:57Z">
    <groups>
    </groups>
    <test name="Command line test" duration-ms="64143" started-at="2018-02-02T10:47:53Z" finished-at="2018-02-02T10:48:57Z">
      <class name="testScripts.login.TestLogin1Test">
        <test-method status="PASS" signature="beforeSuite()[pri:0, instance:testScripts.login.TestLogin1Test@9f70c54]" name="beforeSuite" is-config="true" duration-ms="650" started-at="2018-02-02T16:17:52Z" finished-at="2018-02-02T16:17:53Z">
          <reporter-output>
          </reporter-output>
        </test-method> <!-- beforeSuite -->
        <test-method status="PASS" signature="beforeTest()[pri:0, instance:testScripts.login.TestLogin1Test@9f70c54]" name="beforeTest" is-config="true" duration-ms="0" started-at="2018-02-02T16:17:53Z" finished-at="2018-02-02T16:17:53Z">
          <reporter-output>
          </reporter-output>
        </test-method> <!-- beforeTest -->
        <test-method status="PASS" signature="setUp(java.lang.reflect.Method)[pri:0, instance:testScripts.login.TestLogin1Test@9f70c54]" name="setUp" is-config="true" duration-ms="19369" started-at="2018-02-02T16:17:53Z" finished-at="2018-02-02T16:18:12Z">
          <params>
            <param index="0">
              <value>
                <![CDATA[public void testScripts.login.TestLogin1Test.testLogin() throws java.lang.Exception]]>
              </value>
            </param>
          </params>
          <reporter-output>
            <line>
              <![CDATA[waiting for page to load...]]>
            </line>
            <line>
              <![CDATA[Page is loaded]]>
            </line>
          </reporter-output>
        </test-method> <!-- setUp -->
        <test-method status="PASS" signature="testLogin()[pri:0, instance:testScripts.login.TestLogin1Test@9f70c54]" name="testLogin" duration-ms="7563" started-at="2018-02-02T16:18:12Z" finished-at="2018-02-02T16:18:20Z">
          <reporter-output>
            <line>
              <![CDATA[entering userName to the userName textbox]]>
            </line>
            <line>
              <![CDATA[entering password to the password textbox]]>
            </line>
            <line>
              <![CDATA[clicking on login button]]>
            </line>
          </reporter-output>
        </test-method> <!-- testLogin -->
        <test-method status="PASS" signature="afterMethod(org.testng.ITestResult)[pri:0, instance:testScripts.login.TestLogin1Test@9f70c54]" name="afterMethod" is-config="true" duration-ms="727" started-at="2018-02-02T16:18:20Z" finished-at="2018-02-02T16:18:21Z">
          <params>
            <param index="0">
              <value>
                <![CDATA[[TestResult name=testLogin status=SUCCESS method=TestLogin1Test.testLogin()[pri:0, instance:testScripts.login.TestLogin1Test@9f70c54] output=entering userName to the userName textbox]]]>
              </value>
            </param>
          </params>
          <reporter-output>
          </reporter-output>
        </test-method> <!-- afterMethod -->
        <test-method status="PASS" signature="AfterTest1()[pri:0, instance:testScripts.login.TestLogin1Test@9f70c54]" name="AfterTest1" is-config="true" duration-ms="609" started-at="2018-02-02T16:18:56Z" finished-at="2018-02-02T16:18:57Z">
          <reporter-output>
          </reporter-output>
        </test-method> <!-- AfterTest1 -->
        <test-method status="PASS" signature="afterSuite()[pri:0, instance:testScripts.login.TestLogin1Test@9f70c54]" name="afterSuite" is-config="true" duration-ms="1" started-at="2018-02-02T16:18:57Z" finished-at="2018-02-02T16:18:57Z">
          <reporter-output>
          </reporter-output>
        </test-method> <!-- afterSuite -->
      </class> <!-- testScripts.login.TestLogin1Test -->
      <class name="testScripts.login.UpdateProfile1Test">
        <test-method status="PASS" signature="setUp(java.lang.reflect.Method)[pri:0, instance:testScripts.login.UpdateProfile1Test@737996a0]" name="setUp" is-config="true" duration-ms="22340" started-at="2018-02-02T16:18:21Z" finished-at="2018-02-02T16:18:43Z">
          <params>
            <param index="0">
              <value>
                <![CDATA[public void testScripts.login.UpdateProfile1Test.updateprofile() throws java.lang.Exception]]>
              </value>
            </param>
          </params>
          <reporter-output>
            <line>
              <![CDATA[waiting for page to load...]]>
            </line>
            <line>
              <![CDATA[Page is loaded]]>
            </line>
            <line>
              <![CDATA[entering userName to the userName textbox]]>
            </line>
            <line>
              <![CDATA[entering password to the password textbox]]>
            </line>
            <line>
              <![CDATA[clicking on login button]]>
            </line>
          </reporter-output>
        </test-method> <!-- setUp -->
        <test-method status="PASS" signature="updateprofile()[pri:0, instance:testScripts.login.UpdateProfile1Test@737996a0]" name="updateprofile" duration-ms="12593" started-at="2018-02-02T16:18:43Z" finished-at="2018-02-02T16:18:56Z">
          <reporter-output>
            <line>
              <![CDATA[entering First name to the FirstName textbox]]>
            </line>
            <line>
              <![CDATA[Update LastName to the Lastname textbox]]>
            </line>
            <line>
              <![CDATA[Update postCode to the Postcode textbox]]>
            </line>
            <line>
              <![CDATA[Update postCode to the Postcode textbox]]>
            </line>
          </reporter-output>
        </test-method> <!-- updateprofile -->
        <test-method status="PASS" signature="afterMethod(org.testng.ITestResult)[pri:0, instance:testScripts.login.UpdateProfile1Test@737996a0]" name="afterMethod" is-config="true" duration-ms="689" started-at="2018-02-02T16:18:56Z" finished-at="2018-02-02T16:18:56Z">
          <params>
            <param index="0">
              <value>
                <![CDATA[[TestResult name=updateprofile status=SUCCESS method=UpdateProfile1Test.updateprofile()[pri:0, instance:testScripts.login.UpdateProfile1Test@737996a0] output=entering First name to the FirstName textbox]]]>
              </value>
            </param>
          </params>
          <reporter-output>
          </reporter-output>
        </test-method> <!-- afterMethod -->
      </class> <!-- testScripts.login.UpdateProfile1Test -->
      <class name="testScripts.login.Log4JTest">
        <test-method status="FAIL" signature="test1()[pri:0, instance:testScripts.login.Log4JTest@234bef66]" name="test1" duration-ms="189" started-at="2018-02-02T16:17:53Z" finished-at="2018-02-02T16:17:53Z">
          <exception class="java.lang.IllegalStateException">
            <message>
              <![CDATA[The driver executable does not exist: C:\Users\anupam.chauhan\workspace\118-online-master\src\BrowserDrivers\chromedriver.exe]]>
            </message>
            <full-stacktrace>
              <![CDATA[java.lang.IllegalStateException: The driver executable does not exist: C:\Users\anupam.chauhan\workspace\118-online-master\src\BrowserDrivers\chromedriver.exe
	at com.google.common.base.Preconditions.checkState(Preconditions.java:534)
	at org.openqa.selenium.remote.service.DriverService.checkExecutable(DriverService.java:136)
	at org.openqa.selenium.remote.service.DriverService.findExecutable(DriverService.java:131)
	at org.openqa.selenium.chrome.ChromeDriverService.access$000(ChromeDriverService.java:32)
	at org.openqa.selenium.chrome.ChromeDriverService$Builder.findDefaultExecutable(ChromeDriverService.java:137)
	at org.openqa.selenium.remote.service.DriverService$Builder.build(DriverService.java:329)
	at org.openqa.selenium.chrome.ChromeDriverService.createDefaultService(ChromeDriverService.java:88)
	at org.openqa.selenium.chrome.ChromeDriver.<init>(ChromeDriver.java:124)
	at testScripts.login.Log4JTest.test1(Log4JTest.java:25)
	at sun.reflect.NativeMethodAccessorImpl.invoke0(Native Method)
	at sun.reflect.NativeMethodAccessorImpl.invoke(NativeMethodAccessorImpl.java:62)
	at sun.reflect.DelegatingMethodAccessorImpl.invoke(DelegatingMethodAccessorImpl.java:43)
	at java.lang.reflect.Method.invoke(Method.java:498)
	at org.testng.internal.MethodInvocationHelper.invokeMethod(MethodInvocationHelper.java:108)
	at org.testng.internal.Invoker.invokeMethod(Invoker.java:661)
	at org.testng.internal.Invoker.invokeTestMethod(Invoker.java:869)
	at org.testng.internal.Invoker.invokeTestMethods(Invoker.java:1193)
	at org.testng.internal.TestMethodWorker.invokeTestMethods(TestMethodWorker.java:126)
	at org.testng.internal.TestMethodWorker.run(TestMethodWorker.java:109)
	at org.testng.TestRunner.privateRun(TestRunner.java:744)
	at org.testng.TestRunner.run(TestRunner.java:602)
	at org.testng.SuiteRunner.runTest(SuiteRunner.java:380)
	at org.testng.SuiteRunner.runSequentially(SuiteRunner.java:375)
	at org.testng.SuiteRunner.privateRun(SuiteRunner.java:340)
	at org.testng.SuiteRunner.run(SuiteRunner.java:289)
	at org.testng.SuiteRunnerWorker.runSuite(SuiteRunnerWorker.java:52)
	at org.testng.SuiteRunnerWorker.run(SuiteRunnerWorker.java:86)
	at org.testng.TestNG.runSuitesSequentially(TestNG.java:1301)
	at org.testng.TestNG.runSuitesLocally(TestNG.java:1226)
	at org.testng.TestNG.runSuites(TestNG.java:1144)
	at org.testng.TestNG.run(TestNG.java:1115)
	at org.apache.maven.surefire.testng.TestNGExecutor.run(TestNGExecutor.java:77)
	at org.apache.maven.surefire.testng.TestNGDirectoryTestSuite.executeMulti(TestNGDirectoryTestSuite.java:159)
	at org.apache.maven.surefire.testng.TestNGDirectoryTestSuite.execute(TestNGDirectoryTestSuite.java:99)
	at org.apache.maven.surefire.testng.TestNGProvider.invoke(TestNGProvider.java:106)
	at sun.reflect.NativeMethodAccessorImpl.invoke0(Native Method)
	at sun.reflect.NativeMethodAccessorImpl.invoke(NativeMethodAccessorImpl.java:62)
	at sun.reflect.DelegatingMethodAccessorImpl.invoke(DelegatingMethodAccessorImpl.java:43)
	at java.lang.reflect.Method.invoke(Method.java:498)
	at org.apache.maven.surefire.util.ReflectionUtils.invokeMethodWithArray(ReflectionUtils.java:189)
	at org.apache.maven.surefire.booter.ProviderFactory$ProviderProxy.invoke(ProviderFactory.java:165)
	at org.apache.maven.surefire.booter.ProviderFactory.invokeProvider(ProviderFactory.java:85)
	at org.apache.maven.surefire.booter.ForkedBooter.runSuitesInProcess(ForkedBooter.java:115)
	at org.apache.maven.surefire.booter.ForkedBooter.main(ForkedBooter.java:75)
]]>
            </full-stacktrace>
          </exception> <!-- java.lang.IllegalStateException -->
          <reporter-output>
          </reporter-output>
        </test-method> <!-- test1 -->
        <test-method status="FAIL" signature="test2()[pri:0, instance:testScripts.login.Log4JTest@234bef66]" name="test2" duration-ms="9" started-at="2018-02-02T16:17:53Z" finished-at="2018-02-02T16:17:53Z">
          <exception class="java.lang.NullPointerException">
            <full-stacktrace>
              <![CDATA[java.lang.NullPointerException
	at testScripts.login.Log4JTest.test2(Log4JTest.java:40)
	at sun.reflect.NativeMethodAccessorImpl.invoke0(Native Method)
	at sun.reflect.NativeMethodAccessorImpl.invoke(NativeMethodAccessorImpl.java:62)
	at sun.reflect.DelegatingMethodAccessorImpl.invoke(DelegatingMethodAccessorImpl.java:43)
	at java.lang.reflect.Method.invoke(Method.java:498)
	at org.testng.internal.MethodInvocationHelper.invokeMethod(MethodInvocationHelper.java:108)
	at org.testng.internal.Invoker.invokeMethod(Invoker.java:661)
	at org.testng.internal.Invoker.invokeTestMethod(Invoker.java:869)
	at org.testng.internal.Invoker.invokeTestMethods(Invoker.java:1193)
	at org.testng.internal.TestMethodWorker.invokeTestMethods(TestMethodWorker.java:126)
	at org.testng.internal.TestMethodWorker.run(TestMethodWorker.java:109)
	at org.testng.TestRunner.privateRun(TestRunner.java:744)
	at org.testng.TestRunner.run(TestRunner.java:602)
	at org.testng.SuiteRunner.runTest(SuiteRunner.java:380)
	at org.testng.SuiteRunner.runSequentially(SuiteRunner.java:375)
	at org.testng.SuiteRunner.privateRun(SuiteRunner.java:340)
	at org.testng.SuiteRunner.run(SuiteRunner.java:289)
	at org.testng.SuiteRunnerWorker.runSuite(SuiteRunnerWorker.java:52)
	at org.testng.SuiteRunnerWorker.run(SuiteRunnerWorker.java:86)
	at org.testng.TestNG.runSuitesSequentially(TestNG.java:1301)
	at org.testng.TestNG.runSuitesLocally(TestNG.java:1226)
	at org.testng.TestNG.runSuites(TestNG.java:1144)
	at org.testng.TestNG.run(TestNG.java:1115)
	at org.apache.maven.surefire.testng.TestNGExecutor.run(TestNGExecutor.java:77)
	at org.apache.maven.surefire.testng.TestNGDirectoryTestSuite.executeMulti(TestNGDirectoryTestSuite.java:159)
	at org.apache.maven.surefire.testng.TestNGDirectoryTestSuite.execute(TestNGDirectoryTestSuite.java:99)
	at org.apache.maven.surefire.testng.TestNGProvider.invoke(TestNGProvider.java:106)
	at sun.reflect.NativeMethodAccessorImpl.invoke0(Native Method)
	at sun.reflect.NativeMethodAccessorImpl.invoke(NativeMethodAccessorImpl.java:62)
	at sun.reflect.DelegatingMethodAccessorImpl.invoke(DelegatingMethodAccessorImpl.java:43)
	at java.lang.reflect.Method.invoke(Method.java:498)
	at org.apache.maven.surefire.util.ReflectionUtils.invokeMethodWithArray(ReflectionUtils.java:189)
	at org.apache.maven.surefire.booter.ProviderFactory$ProviderProxy.invoke(ProviderFactory.java:165)
	at org.apache.maven.surefire.booter.ProviderFactory.invokeProvider(ProviderFactory.java:85)
	at org.apache.maven.surefire.booter.ForkedBooter.runSuitesInProcess(ForkedBooter.java:115)
	at org.apache.maven.surefire.booter.ForkedBooter.main(ForkedBooter.java:75)
]]>
            </full-stacktrace>
          </exception> <!-- java.lang.NullPointerException -->
          <reporter-output>
          </reporter-output>
        </test-method> <!-- test2 -->
      </class> <!-- testScripts.login.Log4JTest -->
    </test> <!-- Command line test -->
  </suite> <!-- Command line suite -->
</testng-results>
