<?xml version="1.0" encoding="UTF-8"?>
<testng-results skipped="0" failed="0" ignored="4" total="6" passed="2">
  <reporter-output>
    <line>
      <![CDATA[waiting for page to load...]]>
    </line>
    <line>
      <![CDATA[Page is loaded]]>
    </line>
    <line>
      <![CDATA[entering userName to the userName textbox]]>
    </line>
    <line>
      <![CDATA[entering password to the password textbox]]>
    </line>
    <line>
      <![CDATA[clicking on login button]]>
    </line>
    <line>
      <![CDATA[waiting for page to load...]]>
    </line>
    <line>
      <![CDATA[Page is loaded]]>
    </line>
    <line>
      <![CDATA[entering userName to the userName textbox]]>
    </line>
    <line>
      <![CDATA[entering password to the password textbox]]>
    </line>
    <line>
      <![CDATA[clicking on login button]]>
    </line>
    <line>
      <![CDATA[entering First name to the FirstName textbox]]>
    </line>
    <line>
      <![CDATA[Update LastName to the Lastname textbox]]>
    </line>
    <line>
      <![CDATA[Update postCode to the Postcode textbox]]>
    </line>
    <line>
      <![CDATA[Update postCode to the Postcode textbox]]>
    </line>
  </reporter-output>
  <suite name="Default suite" duration-ms="53898" started-at="2018-02-02T11:59:31Z" finished-at="2018-02-02T12:00:25Z">
    <groups>
    </groups>
    <test name="Default test" duration-ms="53898" started-at="2018-02-02T11:59:31Z" finished-at="2018-02-02T12:00:25Z">
      <class name="testScripts.login.TestLogin1Test">
        <test-method status="PASS" signature="beforeSuite()[pri:0, instance:testScripts.login.TestLogin1Test@553f17c]" name="beforeSuite" is-config="true" duration-ms="317" started-at="2018-02-02T17:29:31Z" finished-at="2018-02-02T17:29:31Z">
          <reporter-output>
          </reporter-output>
        </test-method> <!-- beforeSuite -->
        <test-method status="PASS" signature="beforeTest()[pri:0, instance:testScripts.login.TestLogin1Test@553f17c]" name="beforeTest" is-config="true" duration-ms="0" started-at="2018-02-02T17:29:31Z" finished-at="2018-02-02T17:29:31Z">
          <reporter-output>
          </reporter-output>
        </test-method> <!-- beforeTest -->
        <test-method status="PASS" signature="setUp(java.lang.reflect.Method)[pri:0, instance:testScripts.login.TestLogin1Test@553f17c]" name="setUp" is-config="true" duration-ms="12166" started-at="2018-02-02T17:29:31Z" finished-at="2018-02-02T17:29:43Z">
          <params>
            <param index="0">
              <value>
                <![CDATA[public void testScripts.login.TestLogin1Test.testLogin() throws java.lang.Exception]]>
              </value>
            </param>
          </params>
          <reporter-output>
            <line>
              <![CDATA[waiting for page to load...]]>
            </line>
            <line>
              <![CDATA[Page is loaded]]>
            </line>
          </reporter-output>
        </test-method> <!-- setUp -->
        <test-method status="PASS" signature="testLogin()[pri:0, instance:testScripts.login.TestLogin1Test@553f17c]" name="testLogin" duration-ms="7026" started-at="2018-02-02T17:29:43Z" finished-at="2018-02-02T17:29:50Z">
          <reporter-output>
            <line>
              <![CDATA[entering userName to the userName textbox]]>
            </line>
            <line>
              <![CDATA[entering password to the password textbox]]>
            </line>
            <line>
              <![CDATA[clicking on login button]]>
            </line>
          </reporter-output>
        </test-method> <!-- testLogin -->
        <test-method status="PASS" signature="afterMethod(org.testng.ITestResult)[pri:0, instance:testScripts.login.TestLogin1Test@553f17c]" name="afterMethod" is-config="true" duration-ms="664" started-at="2018-02-02T17:29:50Z" finished-at="2018-02-02T17:29:51Z">
          <params>
            <param index="0">
              <value>
                <![CDATA[[TestResult name=testLogin status=SUCCESS method=TestLogin1Test.testLogin()[pri:0, instance:testScripts.login.TestLogin1Test@553f17c] output=entering userName to the userName textbox]]]>
              </value>
            </param>
          </params>
          <reporter-output>
          </reporter-output>
        </test-method> <!-- afterMethod -->
        <test-method status="PASS" signature="AfterTest1()[pri:0, instance:testScripts.login.TestLogin1Test@553f17c]" name="AfterTest1" is-config="true" duration-ms="369" started-at="2018-02-02T17:30:25Z" finished-at="2018-02-02T17:30:25Z">
          <reporter-output>
          </reporter-output>
        </test-method> <!-- AfterTest1 -->
        <test-method status="PASS" signature="afterSuite()[pri:0, instance:testScripts.login.TestLogin1Test@553f17c]" name="afterSuite" is-config="true" duration-ms="0" started-at="2018-02-02T17:30:25Z" finished-at="2018-02-02T17:30:25Z">
          <reporter-output>
          </reporter-output>
        </test-method> <!-- afterSuite -->
      </class> <!-- testScripts.login.TestLogin1Test -->
      <class name="testScripts.login.UpdateProfile1Test">
        <test-method status="PASS" signature="setUp(java.lang.reflect.Method)[pri:0, instance:testScripts.login.UpdateProfile1Test@4f7d0008]" name="setUp" is-config="true" duration-ms="21605" started-at="2018-02-02T17:29:51Z" finished-at="2018-02-02T17:30:13Z">
          <params>
            <param index="0">
              <value>
                <![CDATA[public void testScripts.login.UpdateProfile1Test.updateprofile() throws java.lang.Exception]]>
              </value>
            </param>
          </params>
          <reporter-output>
            <line>
              <![CDATA[waiting for page to load...]]>
            </line>
            <line>
              <![CDATA[Page is loaded]]>
            </line>
            <line>
              <![CDATA[entering userName to the userName textbox]]>
            </line>
            <line>
              <![CDATA[entering password to the password textbox]]>
            </line>
            <line>
              <![CDATA[clicking on login button]]>
            </line>
          </reporter-output>
        </test-method> <!-- setUp -->
        <test-method status="PASS" signature="updateprofile()[pri:0, instance:testScripts.login.UpdateProfile1Test@4f7d0008]" name="updateprofile" duration-ms="11432" started-at="2018-02-02T17:30:13Z" finished-at="2018-02-02T17:30:24Z">
          <reporter-output>
            <line>
              <![CDATA[entering First name to the FirstName textbox]]>
            </line>
            <line>
              <![CDATA[Update LastName to the Lastname textbox]]>
            </line>
            <line>
              <![CDATA[Update postCode to the Postcode textbox]]>
            </line>
            <line>
              <![CDATA[Update postCode to the Postcode textbox]]>
            </line>
          </reporter-output>
        </test-method> <!-- updateprofile -->
        <test-method status="PASS" signature="afterMethod(org.testng.ITestResult)[pri:0, instance:testScripts.login.UpdateProfile1Test@4f7d0008]" name="afterMethod" is-config="true" duration-ms="617" started-at="2018-02-02T17:30:24Z" finished-at="2018-02-02T17:30:25Z">
          <params>
            <param index="0">
              <value>
                <![CDATA[[TestResult name=updateprofile status=SUCCESS method=UpdateProfile1Test.updateprofile()[pri:0, instance:testScripts.login.UpdateProfile1Test@4f7d0008] output=entering First name to the FirstName textbox]]]>
              </value>
            </param>
          </params>
          <reporter-output>
          </reporter-output>
        </test-method> <!-- afterMethod -->
      </class> <!-- testScripts.login.UpdateProfile1Test -->
    </test> <!-- Default test -->
  </suite> <!-- Default suite -->
</testng-results>
